<?xml version="1.0" encoding="UTF-8"?>
<!-- Generated by org.testng.reporters.JUnitXMLReporter -->
<testsuite ignored="5" hostname="Khandoba" failures="0" tests="9" name="Test" time="12.959" errors="0" timestamp="2024-12-31T00:54:37 IST">
  <testcase classname="testCases1.LoginTest1" name="HomepageLoging" time="0.236"/>
  <testcase classname="testCases1.LoginTest1" name="initialLoging" time="0.589"/>
  <testcase classname="testCases1.ProfileTest" name="search" time="3.494"/>
  <testcase classname="testCases1.ProfileTest" name="resumeHeadline" time="2.257"/>
  <testcase classname="testCases1.ProfileTest" name="createNewHeadline" time="3.021"/>
  <testcase classname="testCases1.ProfileTest" name="clickOnSaveHeadline" time="0.554"/>
  <testcase classname="testCases1.ProfileTest" name="ClickOnUploadResume" time="0.703"/>
  <testcase classname="testCases1.logOutTest1" name="clickOnProfileIcon" time="1.458"/>
  <testcase classname="testCases1.logOutTest1" name="clickonLogoutButton" time="0.324"/>
  <testcase classname="testCases1.BaseTest1" name="@AfterSuite tearDown" time="0.0">
    <ignored/>
  </testcase> <!-- @AfterSuite tearDown -->
  <testcase classname="testCases1.BaseTest1" name="@AfterSuite tearDown" time="0.0">
    <ignored/>
  </testcase> <!-- @AfterSuite tearDown -->
  <testcase classname="testCases1.LoginTest1" name="verifyUrl" time="0.0">
    <ignored/>
  </testcase> <!-- verifyUrl -->
  <testcase classname="testCases1.BaseTest1" name="@BeforeSuite initBrowser" time="0.0">
    <ignored/>
  </testcase> <!-- @BeforeSuite initBrowser -->
  <testcase classname="testCases1.BaseTest1" name="@BeforeSuite initBrowser" time="0.0">
    <ignored/>
  </testcase> <!-- @BeforeSuite initBrowser -->
</testsuite> <!-- Test -->
